==============================================================================
Non-adiabatic theory check: residual(cosine-fit MPL) ~ kappa*DropRelax (tau=1200)
==============================================================================

[25M]
   decay  wsd_20000_24000.csv     kappa= 0.0340  R^2= 0.397  resid[max]=+0.0098 feat[max]=0.302
   decay  wsdld_20000_24000.csv   kappa= 0.0342  R^2= 0.329  resid[max]=+0.0102 feat[max]=0.260
   plateau wsdcon_3.csv            kappa= 0.0288  R^2= 0.759  resid[max]=+0.0222 feat[max]=0.900
   plateau wsdcon_9.csv            kappa= 0.0154  R^2= 0.455  resid[max]=+0.0127 feat[max]=0.700
   plateau wsdcon_18.csv           kappa= 0.0251  R^2= 0.482  resid[max]=+0.0105 feat[max]=0.400
   >> sharp-decay pooled:  kappa=0.0341  R^2=0.368
   >> independent dL_eq/deta from noise floor = 381.7  => predicted kappa=PEAK_LR*dLeq/deta = 0.1145

[100M]
   decay  wsd_20000_24000.csv     kappa= 0.0536  R^2= 0.732  resid[max]=+0.0155 feat[max]=0.302
   decay  wsdld_20000_24000.csv   kappa= 0.0524  R^2= 0.748  resid[max]=+0.0169 feat[max]=0.260
   plateau wsdcon_3.csv            kappa= 0.0383  R^2= 0.691  resid[max]=+0.0327 feat[max]=0.900
   plateau wsdcon_9.csv            kappa= 0.0143  R^2=-0.005  resid[max]=+0.0173 feat[max]=0.700
   plateau wsdcon_18.csv           kappa= 0.0107  R^2= 0.165  resid[max]=+0.0080 feat[max]=0.400
   >> sharp-decay pooled:  kappa=0.0531  R^2=0.739
   >> independent dL_eq/deta from noise floor = 499.3  => predicted kappa=PEAK_LR*dLeq/deta = 0.1498

[400M]
   decay  wsd_20000_24000.csv     kappa= 0.0715  R^2= 0.807  resid[max]=+0.0217 feat[max]=0.302
   decay  wsdld_20000_24000.csv   kappa= 0.0673  R^2= 0.826  resid[max]=+0.0238 feat[max]=0.260
   plateau wsdcon_3.csv            kappa= 0.0586  R^2= 0.699  resid[max]=+0.0530 feat[max]=0.900
   plateau wsdcon_9.csv            kappa= 0.0267  R^2= 0.076  resid[max]=+0.0333 feat[max]=0.700
   plateau wsdcon_18.csv           kappa= 0.0145  R^2=-0.015  resid[max]=+0.0155 feat[max]=0.400
   >> sharp-decay pooled:  kappa=0.0697  R^2=0.814
   >> independent dL_eq/deta from noise floor = 561.5  => predicted kappa=PEAK_LR*dLeq/deta = 0.1685

==============================================================================
kappa vs model size N (theory: kappa = dL_eq/deta grows with N):
     25M  kappa=0.0341
    100M  kappa=0.0531
    400M  kappa=0.0697
   power-law fit: kappa ~ N^0.26
