==============================================================================
Fixed-tau, 1-parameter (kappa) drop-relax correction on frozen MPL
==============================================================================

[S1 (test=wsdld+3wsdcon)]  train=['cosine_24000.csv', 'cosine_72000.csv', 'wsd_20000_24000.csv']
    tau      MPL  MPL+corr  delta%   wins      kappa 25/100/400  kCV
     80  0.00413   0.00676   +63.7   3/12  [0.590 0.741 0.415]    23%
    150  0.00413   0.00552   +33.6   3/12  [0.314 0.396 0.234]    21%
    300  0.00413   0.00461   +11.7   4/12  [0.157 0.200 0.133]    17%
    600  0.00413   0.00399    -3.3   7/12  [0.080 0.104 0.084]    12% <<
   1200  0.00413   0.00364   -11.9   7/12  [0.043 0.059 0.059]    14% <<
   2400  0.00413   0.00403    -2.5   7/12  [0.028 0.039 0.044]    18% <<

[S2 (test=wsd+wsdld+2wsdcon)]  train=['cosine_24000.csv', 'cosine_72000.csv', 'wsdcon_9.csv']
    tau      MPL  MPL+corr  delta%   wins      kappa 25/100/400  kCV
     80  0.00391   0.00390    -0.2   8/12  [0.074 0.110 0.004]    70% <<
    150  0.00391   0.00378    -3.2   8/12  [0.089 0.118 0.005]    67% <<
    300  0.00391   0.00342   -12.5  11/12  [0.079 0.083 0.068]     8% <<
    600  0.00391   0.00310   -20.6  10/12  [0.046 0.041 0.050]     8% <<
   1200  0.00391   0.00307   -21.5  11/12  [0.024 0.026 0.015]    23% <<
   2400  0.00391   0.00325   -16.8  10/12  [0.017 0.017 0.000]    71% <<

==============================================================================
Leave-one-curve-out over the 5 non-cosine curves (train=cosine x2 + other 4)
kappa fit on train, evaluated ONLY on the held-out curve. Avg over 5x3.
==============================================================================
    tau      MPL  MPL+corr  delta%    wins  kCV(mean)
     80  0.00409   0.00450   +10.0   7/15    46%
    150  0.00409   0.00425    +3.8   6/15    18%
    300  0.00409   0.00383    -6.5  11/15    15% <<
    600  0.00409   0.00348   -15.0  11/15    15% <<
   1200  0.00409   0.00330   -19.4  10/15    20% <<
   2400  0.00409   0.00357   -12.9  10/15    20% <<
