================================================================================
SPLIT trainCosWsd:  train=['cosine_24000.csv', 'cosine_72000.csv', 'wsd_20000_24000.csv']
                    held-out test = ['wsdld_20000_24000.csv', 'wsdcon_3.csv', 'wsdcon_9.csv', 'wsdcon_18.csv']
================================================================================

  baseline MPL held-out mean MAE = 0.00413

  feat       MAE   vs MPL   wins       kappa (25/100/400)     tau (25/100/400)  invariant?
  A      0.00560   +35.6%   5/12  [  48.0   73.6  104.7] [32505 21270  7984]  no(k31/t49%)   
  B      0.00575   +39.2%   5/12  [  48.3   71.0   95.1] [31483 22322  8799]  no(k27/t45%)   
  Bn     0.00575   +39.2%   5/12  [   0.0    0.0    0.0] [31483 22322  8799]  no(k27/t45%)   
  C      0.00548   +32.6%   5/12  [ 131.2  150.4  102.4] [8900346235216522 6587993033884264 6117778519473555]  YES   
================================================================================
SPLIT trainCosWsdcon:  train=['cosine_24000.csv', 'cosine_72000.csv', 'wsdcon_9.csv']
                    held-out test = ['wsd_20000_24000.csv', 'wsdld_20000_24000.csv', 'wsdcon_3.csv', 'wsdcon_18.csv']
================================================================================

  baseline MPL held-out mean MAE = 0.00391

  feat       MAE   vs MPL   wins       kappa (25/100/400)     tau (25/100/400)  invariant?
  A      0.00343   -12.2%   9/12  [  23.4   23.0  166.2] [373769 68635736767945   603]  no(k95/t141%) <<
  B      0.00343   -12.2%   9/12  [  27.8   24.1  169.1] [96374 511286   583]  no(k92/t109%) <<
  Bn     0.00317   -18.9%  10/12  [   0.0    0.0    0.1] [96374   730   583]  no(k56/t139%) <<
  C      0.00402    +2.9%   9/12  [ 125.0  141.1   68.2] [8477155518725314 6256766537326306   686]  no(k28/t73%)   
