==============================================================================
River-floor sharpness-lag correction on FROZEN MPL
 train = cosine x2 + wsdcon_3 ;  test = wsd / wsdld / wsdcon_9 / wsdcon_18
==============================================================================

[25M] fitted kappa=32.25  tau_s=67976.5  (train huber=0.00093)
  curve                    MAE_corr    MAE_mpl   dMAE%
  wsd_20000_24000.csv       0.00238    0.00341   -30.1
  wsdld_20000_24000.csv     0.00238    0.00314   -24.0
  wsdcon_9.csv              0.00456    0.00293    55.8
  wsdcon_18.csv             0.00188    0.00250   -24.9

[100M] fitted kappa=28.42  tau_s=169182.4  (train huber=0.00107)
  curve                    MAE_corr    MAE_mpl   dMAE%
  wsd_20000_24000.csv       0.00283    0.00375   -24.6
  wsdld_20000_24000.csv     0.00257    0.00325   -20.8
  wsdcon_9.csv              0.00726    0.00493    47.1
  wsdcon_18.csv             0.00263    0.00138    90.6

[400M] fitted kappa=194  tau_s=1746.1  (train huber=0.00131)
  curve                    MAE_corr    MAE_mpl   dMAE%
  wsd_20000_24000.csv       0.00223    0.00470   -52.5
  wsdld_20000_24000.csv     0.00198    0.00385   -48.7
  wsdcon_9.csv              0.00889    0.00669    32.9
  wsdcon_18.csv             0.00458    0.00256    78.9

==============================================================================
HELD-OUT mean MAE  corrected=0.00368   frozen-MPL=0.00359
  -> correction WORSE by 2.5% ; wins 7/12

Scale-invariance / sign check of the 2 new params:
  kappa  32.3 28.4 194  CV=91%  (>0 OK)
  tau_s  6.8e+04 1.69e+05 1.75e+03  CV=86%
