device cuda
  constant 0/6000 lr=6.25e-06 eval=5.5431 (2 it/s)
  constant 450/6000 lr=2.50e-03 eval=1.4490 (9 it/s)
  constant 900/6000 lr=2.50e-03 eval=1.3306 (8 it/s)
  constant 1350/6000 lr=2.50e-03 eval=1.2551 (7 it/s)
  constant 1800/6000 lr=2.50e-03 eval=1.2432 (7 it/s)
  constant 2250/6000 lr=2.50e-03 eval=1.2023 (7 it/s)
  constant 2700/6000 lr=2.50e-03 eval=1.1913 (7 it/s)
  constant 3150/6000 lr=2.50e-03 eval=1.1768 (7 it/s)
  constant 3600/6000 lr=2.50e-03 eval=1.1642 (7 it/s)
  constant 4050/6000 lr=2.50e-03 eval=1.1556 (7 it/s)
  constant 4500/6000 lr=2.50e-03 eval=1.1421 (7 it/s)
  constant 4950/6000 lr=2.50e-03 eval=1.1373 (7 it/s)
  constant 5400/6000 lr=2.50e-03 eval=1.1335 (7 it/s)
  constant 5850/6000 lr=2.50e-03 eval=1.1185 (7 it/s)
  [done] constant (854s)
  cosine 0/6000 lr=6.25e-06 eval=5.5431 (2 it/s)
  cosine 450/6000 lr=2.50e-03 eval=1.4530 (7 it/s)
  cosine 900/6000 lr=2.46e-03 eval=1.3301 (7 it/s)
  cosine 1350/6000 lr=2.34e-03 eval=1.2497 (7 it/s)
  cosine 1800/6000 lr=2.17e-03 eval=1.2323 (7 it/s)
  cosine 2250/6000 lr=1.95e-03 eval=1.1900 (7 it/s)
  cosine 2700/6000 lr=1.69e-03 eval=1.1693 (7 it/s)
  cosine 3150/6000 lr=1.41e-03 eval=1.1470 (7 it/s)
  cosine 3600/6000 lr=1.12e-03 eval=1.1292 (7 it/s)
  cosine 4050/6000 lr=8.59e-04 eval=1.1139 (7 it/s)
  cosine 4500/6000 lr=6.25e-04 eval=1.0903 (7 it/s)
  cosine 4950/6000 lr=4.40e-04 eval=1.0768 (7 it/s)
  cosine 5400/6000 lr=3.13e-04 eval=1.0716 (7 it/s)
  cosine 5850/6000 lr=2.54e-04 eval=1.0523 (7 it/s)
  [done] cosine (851s)
  wsd_grad 0/6000 lr=6.25e-06 eval=5.5431 (2 it/s)
  wsd_grad 450/6000 lr=2.50e-03 eval=1.4477 (7 it/s)
  wsd_grad 900/6000 lr=2.50e-03 eval=1.3325 (7 it/s)
  wsd_grad 1350/6000 lr=2.50e-03 eval=1.2678 (7 it/s)
  wsd_grad 1800/6000 lr=2.50e-03 eval=1.2391 (7 it/s)
  wsd_grad 2250/6000 lr=2.29e-03 eval=1.1966 (7 it/s)
  wsd_grad 2700/6000 lr=1.94e-03 eval=1.1733 (7 it/s)
  wsd_grad 3150/6000 lr=1.61e-03 eval=1.1487 (7 it/s)
  wsd_grad 3600/6000 lr=1.32e-03 eval=1.1342 (7 it/s)
  wsd_grad 4050/6000 lr=1.05e-03 eval=1.1202 (7 it/s)
  wsd_grad 4500/6000 lr=8.20e-04 eval=1.0972 (7 it/s)
  wsd_grad 4950/6000 lr=6.14e-04 eval=1.0818 (7 it/s)
  wsd_grad 5400/6000 lr=4.38e-04 eval=1.0740 (7 it/s)
  wsd_grad 5850/6000 lr=2.92e-04 eval=1.0516 (7 it/s)
  [done] wsd_grad (864s)
  wsd_sharp 0/6000 lr=6.25e-06 eval=5.5431 (2 it/s)
  wsd_sharp 450/6000 lr=2.50e-03 eval=1.4483 (7 it/s)
  wsd_sharp 900/6000 lr=2.50e-03 eval=1.3347 (7 it/s)
  wsd_sharp 1350/6000 lr=2.50e-03 eval=1.2551 (7 it/s)
  wsd_sharp 1800/6000 lr=2.50e-03 eval=1.2417 (7 it/s)
  wsd_sharp 2250/6000 lr=2.50e-03 eval=1.2004 (7 it/s)
  wsd_sharp 2700/6000 lr=2.50e-03 eval=1.1926 (7 it/s)
  wsd_sharp 3150/6000 lr=2.50e-03 eval=1.1776 (7 it/s)
  wsd_sharp 3600/6000 lr=2.50e-03 eval=1.1690 (7 it/s)
  wsd_sharp 4050/6000 lr=2.50e-03 eval=1.1582 (7 it/s)
  wsd_sharp 4500/6000 lr=2.50e-03 eval=1.1439 (7 it/s)
  wsd_sharp 4950/6000 lr=2.50e-03 eval=1.1366 (7 it/s)
  wsd_sharp 5400/6000 lr=2.50e-04 eval=1.0769 (7 it/s)
  wsd_sharp 5850/6000 lr=2.50e-04 eval=1.0615 (6 it/s)
  [done] wsd_sharp (963s)
  wsdcon_5 0/6000 lr=6.25e-06 eval=5.5431 (2 it/s)
  wsdcon_5 450/6000 lr=2.50e-03 eval=1.4464 (7 it/s)
  wsdcon_5 900/6000 lr=2.50e-03 eval=1.3299 (7 it/s)
  wsdcon_5 1350/6000 lr=2.50e-03 eval=1.2526 (7 it/s)
  wsdcon_5 1800/6000 lr=2.50e-03 eval=1.2409 (7 it/s)
  wsdcon_5 2250/6000 lr=2.50e-03 eval=1.1997 (7 it/s)
  wsdcon_5 2700/6000 lr=5.00e-05 eval=1.1536 (6 it/s)
  wsdcon_5 3150/6000 lr=5.00e-05 eval=1.1436 (6 it/s)
  wsdcon_5 3600/6000 lr=5.00e-05 eval=1.1427 (6 it/s)
  wsdcon_5 4050/6000 lr=5.00e-05 eval=1.1185 (5 it/s)
  wsdcon_5 4500/6000 lr=5.00e-05 eval=1.1262 (5 it/s)
  wsdcon_5 4950/6000 lr=5.00e-05 eval=1.1222 (5 it/s)
  wsdcon_5 5400/6000 lr=5.00e-05 eval=1.1041 (5 it/s)
  wsdcon_5 5850/6000 lr=5.00e-05 eval=1.1216 (5 it/s)
  [done] wsdcon_5 (1228s)
  wsdcon_10 0/6000 lr=6.25e-06 eval=5.5431 (2 it/s)
  wsdcon_10 450/6000 lr=2.50e-03 eval=1.4563 (7 it/s)
  wsdcon_10 900/6000 lr=2.50e-03 eval=1.3357 (7 it/s)
  wsdcon_10 1350/6000 lr=2.50e-03 eval=1.2529 (7 it/s)
  wsdcon_10 1800/6000 lr=2.50e-03 eval=1.2391 (7 it/s)
  wsdcon_10 2250/6000 lr=2.50e-03 eval=1.1975 (7 it/s)
  wsdcon_10 2700/6000 lr=1.00e-04 eval=1.1422 (6 it/s)
  wsdcon_10 3150/6000 lr=1.00e-04 eval=1.1320 (6 it/s)
  wsdcon_10 3600/6000 lr=1.00e-04 eval=1.1295 (6 it/s)
  wsdcon_10 4050/6000 lr=1.00e-04 eval=1.1058 (5 it/s)
  wsdcon_10 4500/6000 lr=1.00e-04 eval=1.1129 (5 it/s)
  wsdcon_10 4950/6000 lr=1.00e-04 eval=1.1082 (5 it/s)
  wsdcon_10 5400/6000 lr=1.00e-04 eval=1.0890 (5 it/s)
  wsdcon_10 5850/6000 lr=1.00e-04 eval=1.1055 (5 it/s)
  [done] wsdcon_10 (1234s)
  wsdcon_20 0/6000 lr=6.25e-06 eval=5.5431 (2 it/s)
  wsdcon_20 450/6000 lr=2.50e-03 eval=1.4513 (7 it/s)
  wsdcon_20 900/6000 lr=2.50e-03 eval=1.3321 (7 it/s)
  wsdcon_20 1350/6000 lr=2.50e-03 eval=1.2552 (7 it/s)
  wsdcon_20 1800/6000 lr=2.50e-03 eval=1.2413 (7 it/s)
  wsdcon_20 2250/6000 lr=2.50e-03 eval=1.2019 (7 it/s)
  wsdcon_20 2700/6000 lr=2.00e-04 eval=1.1390 (6 it/s)
  wsdcon_20 3150/6000 lr=2.00e-04 eval=1.1262 (6 it/s)
  wsdcon_20 3600/6000 lr=2.00e-04 eval=1.1233 (6 it/s)
  wsdcon_20 4050/6000 lr=2.00e-04 eval=1.0966 (5 it/s)
  wsdcon_20 4500/6000 lr=2.00e-04 eval=1.1018 (5 it/s)
  wsdcon_20 4950/6000 lr=2.00e-04 eval=1.0987 (5 it/s)
  wsdcon_20 5400/6000 lr=2.00e-04 eval=1.0796 (5 it/s)
  wsdcon_20 5850/6000 lr=2.00e-04 eval=1.0965 (5 it/s)
  [done] wsdcon_20 (1246s)
  wsdcon_40 0/6000 lr=6.25e-06 eval=5.5431 (2 it/s)
  wsdcon_40 450/6000 lr=2.50e-03 eval=1.4543 (7 it/s)
  wsdcon_40 900/6000 lr=2.50e-03 eval=1.3327 (7 it/s)
  wsdcon_40 1350/6000 lr=2.50e-03 eval=1.2531 (7 it/s)
  wsdcon_40 1800/6000 lr=2.50e-03 eval=1.2430 (7 it/s)
  wsdcon_40 2250/6000 lr=2.50e-03 eval=1.2017 (7 it/s)
  wsdcon_40 2700/6000 lr=4.00e-04 eval=1.1335 (7 it/s)
  wsdcon_40 3150/6000 lr=4.00e-04 eval=1.1241 (6 it/s)
  wsdcon_40 3600/6000 lr=4.00e-04 eval=1.1189 (6 it/s)
  wsdcon_40 4050/6000 lr=4.00e-04 eval=1.0912 (5 it/s)
  wsdcon_40 4500/6000 lr=4.00e-04 eval=1.0963 (5 it/s)
  wsdcon_40 4950/6000 lr=4.00e-04 eval=1.0895 (5 it/s)
  wsdcon_40 5400/6000 lr=4.00e-04 eval=1.0738 (5 it/s)
  wsdcon_40 5850/6000 lr=4.00e-04 eval=1.0879 (5 it/s)
  [done] wsdcon_40 (1237s)
  wsdcon_80 0/6000 lr=6.25e-06 eval=5.5431 (2 it/s)
  wsdcon_80 450/6000 lr=2.50e-03 eval=1.4546 (7 it/s)
  wsdcon_80 900/6000 lr=2.50e-03 eval=1.3318 (7 it/s)
  wsdcon_80 1350/6000 lr=2.50e-03 eval=1.2544 (7 it/s)
  wsdcon_80 1800/6000 lr=2.50e-03 eval=1.2388 (7 it/s)
  wsdcon_80 2250/6000 lr=2.50e-03 eval=1.2011 (7 it/s)
  wsdcon_80 2700/6000 lr=8.00e-04 eval=1.1363 (7 it/s)
  wsdcon_80 3150/6000 lr=8.00e-04 eval=1.1262 (6 it/s)
  wsdcon_80 3600/6000 lr=8.00e-04 eval=1.1211 (6 it/s)
  wsdcon_80 4050/6000 lr=8.00e-04 eval=1.0973 (5 it/s)
  wsdcon_80 4500/6000 lr=8.00e-04 eval=1.1006 (5 it/s)
  wsdcon_80 4950/6000 lr=8.00e-04 eval=1.0950 (5 it/s)
  wsdcon_80 5400/6000 lr=8.00e-04 eval=1.0753 (5 it/s)
  wsdcon_80 5850/6000 lr=8.00e-04 eval=1.0930 (5 it/s)
  [done] wsdcon_80 (1226s)
SHOWCASE DONE
