device=cuda
NVIDIA GeForce RTX 5080 Laptop GPU
data: train=188.5M tokens val=1.2M tokens vocab=256

===== SCALE m: {'d': 384, 'nh': 6, 'nl': 6, 'block': 256, 'bs': 48, 'seed': 1337, 'wd': 0.1, 'log_every': 20, 'n_eval': 8} =====
  [skip] m_cosine exists
  [skip] m_constant exists
  m_wsd step 0/6000 lr=3.75e-06 ema=5.7091 eval=5.6266 (2 it/s)
  m_wsd step 400/6000 lr=1.50e-03 ema=2.2089 eval=1.4572 (11 it/s)
  m_wsd step 800/6000 lr=1.50e-03 ema=1.4777 eval=1.3289 (9 it/s)
  m_wsd step 1200/6000 lr=1.50e-03 ema=1.3350 eval=1.2812 (9 it/s)
  m_wsd step 1600/6000 lr=1.50e-03 ema=1.2728 eval=1.2415 (8 it/s)
  m_wsd step 2000/6000 lr=1.50e-03 ema=1.2286 eval=1.2089 (8 it/s)
  m_wsd step 2400/6000 lr=1.50e-03 ema=1.2105 eval=1.1990 (8 it/s)
  m_wsd step 2800/6000 lr=1.50e-03 ema=1.1959 eval=1.1701 (8 it/s)
  m_wsd step 3200/6000 lr=1.50e-03 ema=1.1831 eval=1.1600 (8 it/s)
  m_wsd step 3600/6000 lr=1.50e-03 ema=1.1660 eval=1.1545 (8 it/s)
  m_wsd step 4000/6000 lr=1.50e-03 ema=1.1570 eval=1.1357 (8 it/s)
  m_wsd step 4400/6000 lr=1.12e-03 ema=1.1437 eval=1.1148 (8 it/s)
  m_wsd step 4800/6000 lr=7.92e-04 ema=1.1069 eval=1.1024 (8 it/s)
  m_wsd step 5200/6000 lr=5.22e-04 ema=1.0907 eval=1.0810 (8 it/s)
  m_wsd step 5600/6000 lr=3.08e-04 ema=1.0753 eval=1.0693 (8 it/s)
  [done] m_wsd -> C:\Users\21100\Desktop\represent\results\curves\m_wsd.csv  (755s, 10.7M params)
  m_wsdld step 0/6000 lr=3.75e-06 ema=5.7091 eval=5.6266 (3 it/s)
  m_wsdld step 400/6000 lr=1.50e-03 ema=2.2073 eval=1.4633 (8 it/s)
  m_wsdld step 800/6000 lr=1.50e-03 ema=1.4775 eval=1.3250 (8 it/s)
  m_wsdld step 1200/6000 lr=1.50e-03 ema=1.3356 eval=1.2794 (8 it/s)
  m_wsdld step 1600/6000 lr=1.50e-03 ema=1.2728 eval=1.2447 (8 it/s)
  m_wsdld step 2000/6000 lr=1.50e-03 ema=1.2274 eval=1.2095 (8 it/s)
  m_wsdld step 2400/6000 lr=1.50e-03 ema=1.2105 eval=1.1976 (8 it/s)
  m_wsdld step 2800/6000 lr=1.50e-03 ema=1.1950 eval=1.1677 (8 it/s)
  m_wsdld step 3200/6000 lr=1.50e-03 ema=1.1819 eval=1.1624 (8 it/s)
  m_wsdld step 3600/6000 lr=1.50e-03 ema=1.1648 eval=1.1565 (8 it/s)
  m_wsdld step 4000/6000 lr=1.50e-03 ema=1.1568 eval=1.1359 (8 it/s)
  m_wsdld step 4400/6000 lr=1.23e-03 ema=1.1480 eval=1.1189 (8 it/s)
  m_wsdld step 4800/6000 lr=9.60e-04 ema=1.1127 eval=1.1081 (8 it/s)
  m_wsdld step 5200/6000 lr=6.90e-04 ema=1.0984 eval=1.0880 (8 it/s)
  m_wsdld step 5600/6000 lr=4.20e-04 ema=1.0818 eval=1.0765 (8 it/s)
  [done] m_wsdld -> C:\Users\21100\Desktop\represent\results\curves\m_wsdld.csv  (772s, 10.7M params)
  m_wsdcon_5 step 0/6000 lr=3.75e-06 ema=5.7091 eval=5.6266 (3 it/s)
  m_wsdcon_5 step 400/6000 lr=1.50e-03 ema=2.2081 eval=1.4633 (8 it/s)
  m_wsdcon_5 step 800/6000 lr=1.50e-03 ema=1.4798 eval=1.3260 (8 it/s)
  m_wsdcon_5 step 1200/6000 lr=1.50e-03 ema=1.3356 eval=1.2788 (8 it/s)
  m_wsdcon_5 step 1600/6000 lr=1.50e-03 ema=1.2737 eval=1.2484 (8 it/s)
  m_wsdcon_5 step 2000/6000 lr=1.50e-03 ema=1.2274 eval=1.2118 (8 it/s)
  m_wsdcon_5 step 2400/6000 lr=1.50e-03 ema=1.2101 eval=1.2026 (8 it/s)
  m_wsdcon_5 step 2800/6000 lr=1.50e-03 ema=1.1949 eval=1.1692 (8 it/s)
  m_wsdcon_5 step 3200/6000 lr=5.00e-05 ema=1.1596 eval=1.1376 (8 it/s)
  m_wsdcon_5 step 3600/6000 lr=5.00e-05 ema=1.1271 eval=1.1224 (7 it/s)
  m_wsdcon_5 step 4000/6000 lr=5.00e-05 ema=1.1140 eval=1.1200 (7 it/s)
  m_wsdcon_5 step 4400/6000 lr=5.00e-05 ema=1.1291 eval=1.1001 (7 it/s)
  m_wsdcon_5 step 4800/6000 lr=5.00e-05 ema=1.1001 eval=1.1170 (7 it/s)
  m_wsdcon_5 step 5200/6000 lr=5.00e-05 ema=1.1042 eval=1.0943 (6 it/s)
  m_wsdcon_5 step 5600/6000 lr=5.00e-05 ema=1.1061 eval=1.1023 (6 it/s)
  [done] m_wsdcon_5 -> C:\Users\21100\Desktop\represent\results\curves\m_wsdcon_5.csv  (953s, 10.7M params)
  m_wsdcon_10 step 0/6000 lr=3.75e-06 ema=5.7091 eval=5.6266 (3 it/s)
  m_wsdcon_10 step 400/6000 lr=1.50e-03 ema=2.2043 eval=1.4675 (8 it/s)
  m_wsdcon_10 step 800/6000 lr=1.50e-03 ema=1.4786 eval=1.3258 (8 it/s)
  m_wsdcon_10 step 1200/6000 lr=1.50e-03 ema=1.3334 eval=1.2815 (8 it/s)
  m_wsdcon_10 step 1600/6000 lr=1.50e-03 ema=1.2737 eval=1.2442 (8 it/s)
  m_wsdcon_10 step 2000/6000 lr=1.50e-03 ema=1.2274 eval=1.2117 (8 it/s)
  m_wsdcon_10 step 2400/6000 lr=1.50e-03 ema=1.2120 eval=1.2029 (8 it/s)
  m_wsdcon_10 step 2800/6000 lr=1.50e-03 ema=1.1963 eval=1.1716 (8 it/s)
  m_wsdcon_10 step 3200/6000 lr=1.00e-04 ema=1.1517 eval=1.1303 (8 it/s)
  m_wsdcon_10 step 3600/6000 lr=1.00e-04 ema=1.1190 eval=1.1128 (7 it/s)
  m_wsdcon_10 step 4000/6000 lr=1.00e-04 ema=1.1040 eval=1.1122 (7 it/s)
  m_wsdcon_10 step 4400/6000 lr=1.00e-04 ema=1.1205 eval=1.0901 (7 it/s)
  m_wsdcon_10 step 4800/6000 lr=1.00e-04 ema=1.0892 eval=1.1050 (7 it/s)
  m_wsdcon_10 step 5200/6000 lr=1.00e-04 ema=1.0921 eval=1.0845 (7 it/s)
  m_wsdcon_10 step 5600/6000 lr=1.00e-04 ema=1.0943 eval=1.0909 (6 it/s)
  [done] m_wsdcon_10 -> C:\Users\21100\Desktop\represent\results\curves\m_wsdcon_10.csv  (950s, 10.7M params)
  m_wsdcon_20 step 0/6000 lr=3.75e-06 ema=5.7091 eval=5.6266 (3 it/s)
  m_wsdcon_20 step 400/6000 lr=1.50e-03 ema=2.2038 eval=1.4635 (8 it/s)
  m_wsdcon_20 step 800/6000 lr=1.50e-03 ema=1.4777 eval=1.3232 (8 it/s)
  m_wsdcon_20 step 1200/6000 lr=1.50e-03 ema=1.3341 eval=1.2785 (8 it/s)
  m_wsdcon_20 step 1600/6000 lr=1.50e-03 ema=1.2718 eval=1.2430 (8 it/s)
  m_wsdcon_20 step 2000/6000 lr=1.50e-03 ema=1.2270 eval=1.2055 (8 it/s)
  m_wsdcon_20 step 2400/6000 lr=1.50e-03 ema=1.2102 eval=1.1996 (8 it/s)
  m_wsdcon_20 step 2800/6000 lr=1.50e-03 ema=1.1941 eval=1.1667 (8 it/s)
  m_wsdcon_20 step 3200/6000 lr=2.00e-04 ema=1.1435 eval=1.1226 (7 it/s)
  m_wsdcon_20 step 3600/6000 lr=2.00e-04 ema=1.1115 eval=1.1054 (7 it/s)
  m_wsdcon_20 step 4000/6000 lr=2.00e-04 ema=1.0977 eval=1.1036 (7 it/s)
  m_wsdcon_20 step 4400/6000 lr=2.00e-04 ema=1.1106 eval=1.0825 (7 it/s)
  m_wsdcon_20 step 4800/6000 lr=2.00e-04 ema=1.0793 eval=1.0961 (7 it/s)
  m_wsdcon_20 step 5200/6000 lr=2.00e-04 ema=1.0822 eval=1.0756 (7 it/s)
  m_wsdcon_20 step 5600/6000 lr=2.00e-04 ema=1.0828 eval=1.0822 (6 it/s)
  [done] m_wsdcon_20 -> C:\Users\21100\Desktop\represent\results\curves\m_wsdcon_20.csv  (947s, 10.7M params)
  m_wsdcon_40 step 0/6000 lr=3.75e-06 ema=5.7091 eval=5.6266 (3 it/s)
  m_wsdcon_40 step 400/6000 lr=1.50e-03 ema=2.2070 eval=1.4672 (8 it/s)
  m_wsdcon_40 step 800/6000 lr=1.50e-03 ema=1.4794 eval=1.3239 (8 it/s)
  m_wsdcon_40 step 1200/6000 lr=1.50e-03 ema=1.3336 eval=1.2788 (8 it/s)
  m_wsdcon_40 step 1600/6000 lr=1.50e-03 ema=1.2728 eval=1.2492 (8 it/s)
  m_wsdcon_40 step 2000/6000 lr=1.50e-03 ema=1.2275 eval=1.2061 (8 it/s)
  m_wsdcon_40 step 2400/6000 lr=1.50e-03 ema=1.2098 eval=1.1995 (8 it/s)
  m_wsdcon_40 step 2800/6000 lr=1.50e-03 ema=1.1956 eval=1.1665 (8 it/s)
  m_wsdcon_40 step 3200/6000 lr=4.00e-04 ema=1.1439 eval=1.1229 (7 it/s)
  m_wsdcon_40 step 3600/6000 lr=4.00e-04 ema=1.1137 eval=1.1079 (7 it/s)
  m_wsdcon_40 step 4000/6000 lr=4.00e-04 ema=1.0989 eval=1.1057 (7 it/s)
  m_wsdcon_40 step 4400/6000 lr=4.00e-04 ema=1.1114 eval=1.0839 (7 it/s)
  m_wsdcon_40 step 4800/6000 lr=4.00e-04 ema=1.0818 eval=1.0971 (7 it/s)
  m_wsdcon_40 step 5200/6000 lr=4.00e-04 ema=1.0831 eval=1.0782 (6 it/s)
  m_wsdcon_40 step 5600/6000 lr=4.00e-04 ema=1.0836 eval=1.0823 (6 it/s)
  [done] m_wsdcon_40 -> C:\Users\21100\Desktop\represent\results\curves\m_wsdcon_40.csv  (951s, 10.7M params)
  m_wsdcon_80 step 0/6000 lr=3.75e-06 ema=5.7091 eval=5.6266 (3 it/s)
  m_wsdcon_80 step 400/6000 lr=1.50e-03 ema=2.2048 eval=1.4608 (8 it/s)
  m_wsdcon_80 step 800/6000 lr=1.50e-03 ema=1.4772 eval=1.3223 (8 it/s)
  m_wsdcon_80 step 1200/6000 lr=1.50e-03 ema=1.3348 eval=1.2799 (8 it/s)
  m_wsdcon_80 step 1600/6000 lr=1.50e-03 ema=1.2715 eval=1.2468 (8 it/s)
  m_wsdcon_80 step 2000/6000 lr=1.50e-03 ema=1.2269 eval=1.2075 (8 it/s)
  m_wsdcon_80 step 2400/6000 lr=1.50e-03 ema=1.2090 eval=1.1976 (8 it/s)
  m_wsdcon_80 step 2800/6000 lr=1.50e-03 ema=1.1944 eval=1.1664 (8 it/s)
  m_wsdcon_80 step 3200/6000 lr=8.00e-04 ema=1.1543 eval=1.1341 (8 it/s)
  m_wsdcon_80 step 3600/6000 lr=8.00e-04 ema=1.1268 eval=1.1210 (7 it/s)
  m_wsdcon_80 step 4000/6000 lr=8.00e-04 ema=1.1127 eval=1.1181 (7 it/s)
  m_wsdcon_80 step 4400/6000 lr=8.00e-04 ema=1.1255 eval=1.0961 (7 it/s)
  m_wsdcon_80 step 4800/6000 lr=8.00e-04 ema=1.0935 eval=1.1111 (7 it/s)
  m_wsdcon_80 step 5200/6000 lr=8.00e-04 ema=1.0957 eval=1.0909 (7 it/s)
  m_wsdcon_80 step 5600/6000 lr=8.00e-04 ema=1.0973 eval=1.0962 (6 it/s)
  [done] m_wsdcon_80 -> C:\Users\21100\Desktop\represent\results\curves\m_wsdcon_80.csv  (950s, 10.7M params)

===== SCALE s: {'d': 256, 'nh': 4, 'nl': 4, 'block': 256, 'bs': 48, 'seed': 1337, 'wd': 0.1, 'log_every': 20, 'n_eval': 8} =====
  s_cosine step 0/6000 lr=3.75e-06 ema=5.5392 eval=5.5213 (7 it/s)
  s_cosine step 400/6000 lr=1.50e-03 ema=2.2551 eval=1.4929 (18 it/s)
  s_cosine step 800/6000 lr=1.48e-03 ema=1.5098 eval=1.3561 (18 it/s)
  s_cosine step 1200/6000 lr=1.43e-03 ema=1.3659 eval=1.3127 (18 it/s)
  s_cosine step 1600/6000 lr=1.35e-03 ema=1.3046 eval=1.2788 (18 it/s)
  s_cosine step 2000/6000 lr=1.25e-03 ema=1.2578 eval=1.2366 (18 it/s)
  s_cosine step 2400/6000 lr=1.12e-03 ema=1.2392 eval=1.2240 (18 it/s)
  s_cosine step 2800/6000 lr=9.75e-04 ema=1.2217 eval=1.1931 (18 it/s)
  s_cosine step 3200/6000 lr=8.25e-04 ema=1.2048 eval=1.1806 (18 it/s)
  s_cosine step 3600/6000 lr=6.75e-04 ema=1.1814 eval=1.1685 (18 it/s)
  s_cosine step 4000/6000 lr=5.32e-04 ema=1.1675 eval=1.1418 (18 it/s)
  s_cosine step 4400/6000 lr=4.04e-04 ema=1.1575 eval=1.1310 (18 it/s)
  s_cosine step 4800/6000 lr=2.97e-04 ema=1.1308 eval=1.1306 (18 it/s)
  s_cosine step 5200/6000 lr=2.17e-04 ema=1.1285 eval=1.1188 (18 it/s)
  s_cosine step 5600/6000 lr=1.67e-04 ema=1.1218 eval=1.1183 (18 it/s)
  [done] s_cosine -> C:\Users\21100\Desktop\represent\results\curves\s_cosine.csv  (334s, 3.3M params)
  s_constant step 0/6000 lr=3.75e-06 ema=5.5392 eval=5.5213 (6 it/s)
  s_constant step 400/6000 lr=1.50e-03 ema=2.2544 eval=1.4965 (18 it/s)
  s_constant step 800/6000 lr=1.50e-03 ema=1.5102 eval=1.3575 (18 it/s)
  s_constant step 1200/6000 lr=1.50e-03 ema=1.3688 eval=1.3137 (18 it/s)
  s_constant step 1600/6000 lr=1.50e-03 ema=1.3080 eval=1.2819 (18 it/s)
  s_constant step 2000/6000 lr=1.50e-03 ema=1.2654 eval=1.2454 (18 it/s)
  s_constant step 2400/6000 lr=1.50e-03 ema=1.2538 eval=1.2404 (18 it/s)
  s_constant step 2800/6000 lr=1.50e-03 ema=1.2390 eval=1.2083 (18 it/s)
  s_constant step 3200/6000 lr=1.50e-03 ema=1.2273 eval=1.2072 (18 it/s)
  s_constant step 3600/6000 lr=1.50e-03 ema=1.2112 eval=1.2010 (18 it/s)
  s_constant step 4000/6000 lr=1.50e-03 ema=1.2040 eval=1.1789 (18 it/s)
  s_constant step 4400/6000 lr=1.50e-03 ema=1.2011 eval=1.1724 (18 it/s)
  s_constant step 4800/6000 lr=1.50e-03 ema=1.1799 eval=1.1775 (18 it/s)
  s_constant step 5200/6000 lr=1.50e-03 ema=1.1807 eval=1.1721 (18 it/s)
  s_constant step 5600/6000 lr=1.50e-03 ema=1.1766 eval=1.1725 (18 it/s)
  [done] s_constant -> C:\Users\21100\Desktop\represent\results\curves\s_constant.csv  (332s, 3.3M params)
  s_wsd step 0/6000 lr=3.75e-06 ema=5.5392 eval=5.5213 (6 it/s)
  s_wsd step 400/6000 lr=1.50e-03 ema=2.2556 eval=1.4891 (18 it/s)
  s_wsd step 800/6000 lr=1.50e-03 ema=1.5101 eval=1.3561 (18 it/s)
  s_wsd step 1200/6000 lr=1.50e-03 ema=1.3674 eval=1.3135 (18 it/s)
  s_wsd step 1600/6000 lr=1.50e-03 ema=1.3083 eval=1.2796 (18 it/s)
  s_wsd step 2000/6000 lr=1.50e-03 ema=1.2665 eval=1.2455 (18 it/s)
  s_wsd step 2400/6000 lr=1.50e-03 ema=1.2519 eval=1.2391 (18 it/s)
  s_wsd step 2800/6000 lr=1.50e-03 ema=1.2387 eval=1.2067 (18 it/s)
  s_wsd step 3200/6000 lr=1.50e-03 ema=1.2274 eval=1.2056 (18 it/s)
  s_wsd step 3600/6000 lr=1.50e-03 ema=1.2105 eval=1.1984 (18 it/s)
  s_wsd step 4000/6000 lr=1.50e-03 ema=1.2035 eval=1.1813 (18 it/s)
  s_wsd step 4400/6000 lr=1.12e-03 ema=1.1928 eval=1.1599 (18 it/s)
  s_wsd step 4800/6000 lr=7.92e-04 ema=1.1549 eval=1.1490 (18 it/s)
  s_wsd step 5200/6000 lr=5.22e-04 ema=1.1435 eval=1.1319 (18 it/s)
  s_wsd step 5600/6000 lr=3.08e-04 ema=1.1292 eval=1.1225 (17 it/s)
  [done] s_wsd -> C:\Users\21100\Desktop\represent\results\curves\s_wsd.csv  (343s, 3.3M params)
  s_wsdld step 0/6000 lr=3.75e-06 ema=5.5392 eval=5.5213 (6 it/s)
  s_wsdld step 400/6000 lr=1.50e-03 ema=2.2554 eval=1.5017 (17 it/s)
  s_wsdld step 800/6000 lr=1.50e-03 ema=1.5092 eval=1.3570 (17 it/s)
  s_wsdld step 1200/6000 lr=1.50e-03 ema=1.3670 eval=1.3144 (17 it/s)
  s_wsdld step 1600/6000 lr=1.50e-03 ema=1.3076 eval=1.2798 (17 it/s)
  s_wsdld step 2000/6000 lr=1.50e-03 ema=1.2658 eval=1.2456 (17 it/s)
  s_wsdld step 2400/6000 lr=1.50e-03 ema=1.2513 eval=1.2382 (17 it/s)
  s_wsdld step 2800/6000 lr=1.50e-03 ema=1.2391 eval=1.2090 (17 it/s)
  s_wsdld step 3200/6000 lr=1.50e-03 ema=1.2268 eval=1.2064 (17 it/s)
  s_wsdld step 3600/6000 lr=1.50e-03 ema=1.2103 eval=1.1992 (17 it/s)
  s_wsdld step 4000/6000 lr=1.50e-03 ema=1.2020 eval=1.1801 (17 it/s)
  s_wsdld step 4400/6000 lr=1.23e-03 ema=1.1932 eval=1.1638 (17 it/s)
  s_wsdld step 4800/6000 lr=9.60e-04 ema=1.1610 eval=1.1560 (17 it/s)
  s_wsdld step 5200/6000 lr=6.90e-04 ema=1.1500 eval=1.1371 (17 it/s)
  s_wsdld step 5600/6000 lr=4.20e-04 ema=1.1344 eval=1.1252 (17 it/s)
  [done] s_wsdld -> C:\Users\21100\Desktop\represent\results\curves\s_wsdld.csv  (351s, 3.3M params)
  s_wsdcon_5 step 0/6000 lr=3.75e-06 ema=5.5392 eval=5.5213 (6 it/s)
  s_wsdcon_5 step 400/6000 lr=1.50e-03 ema=2.2572 eval=1.4943 (17 it/s)
  s_wsdcon_5 step 800/6000 lr=1.50e-03 ema=1.5095 eval=1.3565 (17 it/s)
  s_wsdcon_5 step 1200/6000 lr=1.50e-03 ema=1.3679 eval=1.3140 (17 it/s)
  s_wsdcon_5 step 1600/6000 lr=1.50e-03 ema=1.3082 eval=1.2830 (17 it/s)
  s_wsdcon_5 step 2000/6000 lr=1.50e-03 ema=1.2659 eval=1.2490 (17 it/s)
  s_wsdcon_5 step 2400/6000 lr=1.50e-03 ema=1.2524 eval=1.2408 (17 it/s)
  s_wsdcon_5 step 2800/6000 lr=1.50e-03 ema=1.2391 eval=1.2121 (17 it/s)
  s_wsdcon_5 step 3200/6000 lr=5.00e-05 ema=1.2008 eval=1.1790 (17 it/s)
  s_wsdcon_5 step 3600/6000 lr=5.00e-05 ema=1.1695 eval=1.1625 (16 it/s)
  s_wsdcon_5 step 4000/6000 lr=5.00e-05 ema=1.1594 eval=1.1620 (15 it/s)
  s_wsdcon_5 step 4400/6000 lr=5.00e-05 ema=1.1735 eval=1.1425 (15 it/s)
  s_wsdcon_5 step 4800/6000 lr=5.00e-05 ema=1.1443 eval=1.1591 (14 it/s)
  s_wsdcon_5 step 5200/6000 lr=5.00e-05 ema=1.1499 eval=1.1386 (14 it/s)
  s_wsdcon_5 step 5600/6000 lr=5.00e-05 ema=1.1507 eval=1.1484 (14 it/s)
  [done] s_wsdcon_5 -> C:\Users\21100\Desktop\represent\results\curves\s_wsdcon_5.csv  (431s, 3.3M params)
  s_wsdcon_10 step 0/6000 lr=3.75e-06 ema=5.5392 eval=5.5213 (6 it/s)
  s_wsdcon_10 step 400/6000 lr=1.50e-03 ema=2.2542 eval=1.4923 (18 it/s)
  s_wsdcon_10 step 800/6000 lr=1.50e-03 ema=1.5094 eval=1.3575 (18 it/s)
  s_wsdcon_10 step 1200/6000 lr=1.50e-03 ema=1.3686 eval=1.3140 (18 it/s)
  s_wsdcon_10 step 1600/6000 lr=1.50e-03 ema=1.3090 eval=1.2823 (18 it/s)
  s_wsdcon_10 step 2000/6000 lr=1.50e-03 ema=1.2670 eval=1.2457 (18 it/s)
  s_wsdcon_10 step 2400/6000 lr=1.50e-03 ema=1.2533 eval=1.2391 (18 it/s)
  s_wsdcon_10 step 2800/6000 lr=1.50e-03 ema=1.2411 eval=1.2101 (18 it/s)
  s_wsdcon_10 step 3200/6000 lr=1.00e-04 ema=1.1931 eval=1.1699 (18 it/s)
  s_wsdcon_10 step 3600/6000 lr=1.00e-04 ema=1.1628 eval=1.1569 (17 it/s)
  s_wsdcon_10 step 4000/6000 lr=1.00e-04 ema=1.1527 eval=1.1554 (16 it/s)
